<?xml version="1.0" encoding="UTF-8" ?>
<testsuite tests="14" failures="0" name="com.ingenico.technicalAssessment.runner.TestRunner" time="0.005" errors="0" skipped="0">
  <properties>
    <property name="java.runtime.name" value="Java(TM) SE Runtime Environment"/>
    <property name="sun.boot.library.path" value="C:\Program Files\Java\jdk1.8.0_181\jre\bin"/>
    <property name="java.vm.version" value="25.181-b13"/>
    <property name="java.vm.vendor" value="Oracle Corporation"/>
    <property name="maven.multiModuleProjectDirectory" value="C:\Users\acer SD\eclipse-workspace\Ingenico_QA_Technical_Assessment"/>
    <property name="java.vendor.url" value="http://java.oracle.com/"/>
    <property name="path.separator" value=";"/>
    <property name="guice.disable.misplaced.annotation.check" value="true"/>
    <property name="java.vm.name" value="Java HotSpot(TM) 64-Bit Server VM"/>
    <property name="file.encoding.pkg" value="sun.io"/>
    <property name="user.script" value=""/>
    <property name="user.country" value="FR"/>
    <property name="sun.java.launcher" value="SUN_STANDARD"/>
    <property name="sun.os.patch.level" value="Service Pack 1"/>
    <property name="java.vm.specification.name" value="Java Virtual Machine Specification"/>
    <property name="user.dir" value="C:\Users\acer SD\eclipse-workspace\Ingenico_QA_Technical_Assessment"/>
    <property name="java.runtime.version" value="1.8.0_181-b13"/>
    <property name="java.awt.graphicsenv" value="sun.awt.Win32GraphicsEnvironment"/>
    <property name="java.endorsed.dirs" value="C:\Program Files\Java\jdk1.8.0_181\jre\lib\endorsed"/>
    <property name="os.arch" value="amd64"/>
    <property name="java.io.tmpdir" value="C:\Users\ACERSD~1\AppData\Local\Temp\"/>
    <property name="line.separator" value="
"/>
    <property name="java.vm.specification.vendor" value="Oracle Corporation"/>
    <property name="user.variant" value=""/>
    <property name="os.name" value="Windows 7"/>
    <property name="classworlds.conf" value="C:\Users\acer SD\eclipse-workspace\.metadata\.plugins\org.eclipse.m2e.launching\launches\m2conf7029903556947253706.tmp"/>
    <property name="sun.jnu.encoding" value="Cp1252"/>
    <property name="java.library.path" value="C:\Program Files\Java\jdk1.8.0_181\bin;C:\Windows\Sun\Java\bin;C:\Windows\system32;C:\Windows;C:/Program Files/Java/jre1.8.0_181/bin/server;C:/Program Files/Java/jre1.8.0_181/bin;C:/Program Files/Java/jre1.8.0_181/lib/amd64;C:\Program Files (x86)\Common Files\Oracle\Java\javapath;C:\Windows\system32;C:\Windows;C:\Windows\System32\Wbem;C:\Windows\System32\WindowsPowerShell\v1.0\;C:\Program Files (x86)\Heroku\bin;C:\Program Files (x86)\git\cmd;C:\Program Files\nodejs\;C:\Program Files\PuTTY\;C:\xampp\php;C:\ProgramData\ComposerSetup\bin;C:\Program Files\Git\cmd;C:\Program Files\Java\jdk1.8.0_181\bin;C:\Users\acer SD\AppData\Roaming\npm;C:\Users\acer SD\AppData\Roaming\Composer\vendor\bin;C:\Program Files\Heroku\bin;C:\apache-maven-3.5.2\bin;C:\Program Files\Docker Toolbox;C:\Users\acer SD\Desktop;;."/>
    <property name="java.specification.name" value="Java Platform API Specification"/>
    <property name="java.class.version" value="52.0"/>
    <property name="sun.management.compiler" value="HotSpot 64-Bit Tiered Compilers"/>
    <property name="os.version" value="6.1"/>
    <property name="user.home" value="C:\Users\acer SD"/>
    <property name="user.timezone" value="Europe/Berlin"/>
    <property name="java.awt.printerjob" value="sun.awt.windows.WPrinterJob"/>
    <property name="java.specification.version" value="1.8"/>
    <property name="file.encoding" value="Cp1252"/>
    <property name="user.name" value="acer SD"/>
    <property name="java.class.path" value="C:\Users\acer SD\.p2\pool\plugins\org.eclipse.m2e.maven.runtime_1.9.0.20180606-2035\jars\plexus-classworlds-2.5.2.jar"/>
    <property name="java.vm.specification.version" value="1.8"/>
    <property name="sun.arch.data.model" value="64"/>
    <property name="java.home" value="C:\Program Files\Java\jdk1.8.0_181\jre"/>
    <property name="sun.java.command" value="org.codehaus.plexus.classworlds.launcher.Launcher -B clean install"/>
    <property name="java.specification.vendor" value="Oracle Corporation"/>
    <property name="user.language" value="fr"/>
    <property name="awt.toolkit" value="sun.awt.windows.WToolkit"/>
    <property name="java.vm.info" value="mixed mode"/>
    <property name="java.version" value="1.8.0_181"/>
    <property name="java.ext.dirs" value="C:\Program Files\Java\jdk1.8.0_181\jre\lib\ext;C:\Windows\Sun\Java\lib\ext"/>
    <property name="sun.boot.class.path" value="C:\Program Files\Java\jdk1.8.0_181\jre\lib\resources.jar;C:\Program Files\Java\jdk1.8.0_181\jre\lib\rt.jar;C:\Program Files\Java\jdk1.8.0_181\jre\lib\sunrsasign.jar;C:\Program Files\Java\jdk1.8.0_181\jre\lib\jsse.jar;C:\Program Files\Java\jdk1.8.0_181\jre\lib\jce.jar;C:\Program Files\Java\jdk1.8.0_181\jre\lib\charsets.jar;C:\Program Files\Java\jdk1.8.0_181\jre\lib\jfr.jar;C:\Program Files\Java\jdk1.8.0_181\jre\classes"/>
    <property name="java.vendor" value="Oracle Corporation"/>
    <property name="maven.home" value="C:\Users\acer SD\eclipse-workspace\Ingenico_QA_Technical_Assessment\EMBEDDED"/>
    <property name="file.separator" value="\"/>
    <property name="java.vendor.url.bug" value="http://bugreport.sun.com/bugreport/"/>
    <property name="sun.cpu.endian" value="little"/>
    <property name="sun.io.unicode.encoding" value="UnicodeLittle"/>
    <property name="sun.desktop" value="windows"/>
    <property name="sun.cpu.isalist" value="amd64"/>
  </properties>
  <testcase classname="Scenario: Send a bad request to the Hosted Checkout service" name="Given merchant have a correct api keys" time="0.004"/>
  <testcase classname="Scenario: Send a bad request to the Hosted Checkout service" name="When merchant send a new request to the hostedcheckout missing a required property" time="0"/>
  <testcase classname="Scenario: Send a bad request to the Hosted Checkout service" name="Then an HTTP 400 Bad Request response is returned" time="0"/>
  <testcase classname="Scenario: Send a bad request to the Hosted Checkout service" name="Scenario: Send a bad request to the Hosted Checkout service" time="0"/>
  <testcase classname="Scenario: Make an IDEAL payment" name="Given merchant have a correct api keys" time="0"/>
  <testcase classname="Scenario: Make an IDEAL payment" name="When merchant send a new request to the hostedcheckout" time="0"/>
  <testcase classname="Scenario: Make an IDEAL payment" name="And consumer select the ideal payment method" time="0"/>
  <testcase classname="Scenario: Make an IDEAL payment" name="Then payment should be successful" time="0"/>
  <testcase classname="Scenario: Make an IDEAL payment" name="Scenario: Make an IDEAL payment" time="0"/>
  <testcase classname="Scenario: Send a request to the Hosted Checkout service with a wrong signature" name="Given merchant have a correct api keys" time="0"/>
  <testcase classname="Scenario: Send a request to the Hosted Checkout service with a wrong signature" name="And merchant have a wrong signature" time="0"/>
  <testcase classname="Scenario: Send a request to the Hosted Checkout service with a wrong signature" name="When merchant send a new request to the hostedcheckout" time="0"/>
  <testcase classname="Scenario: Send a request to the Hosted Checkout service with a wrong signature" name="Then hostedcheckout API reject the request of the merchant" time="0"/>
  <testcase classname="Scenario: Send a request to the Hosted Checkout service with a wrong signature" name="Scenario: Send a request to the Hosted Checkout service with a wrong signature" time="0.001"/>
</testsuite>